<?xml version="1.0" encoding="UTF-8"?>
<testng-results skipped="0" failed="0" ignored="0" total="2" passed="2">
  <reporter-output>
  </reporter-output>
  <suite name="Surefire suite" duration-ms="19584" started-at="2018-10-11T22:05:41Z" finished-at="2018-10-11T22:06:01Z">
    <groups>
    </groups>
    <test name="Surefire test" duration-ms="19584" started-at="2018-10-11T22:05:41Z" finished-at="2018-10-11T22:06:01Z">
      <class name="home.SearchTest">
        <test-method status="PASS" signature="setup()[pri:0, instance:home.SearchTest@2b98378d]" name="setup" is-config="true" duration-ms="7277" started-at="2018-10-11T22:05:41Z" finished-at="2018-10-11T22:05:49Z">
          <reporter-output>
          </reporter-output>
        </test-method> <!-- setup -->
        <test-method status="PASS" signature="init()[pri:0, instance:home.SearchTest@2b98378d]" name="init" is-config="true" duration-ms="20" started-at="2018-10-11T22:05:49Z" finished-at="2018-10-11T22:05:49Z">
          <reporter-output>
          </reporter-output>
        </test-method> <!-- init -->
        <test-method status="PASS" signature="testSearchWithButton()[pri:0, instance:home.SearchTest@2b98378d]" name="testSearchWithButton" duration-ms="5483" started-at="2018-10-11T22:05:49Z" finished-at="2018-10-11T22:05:54Z">
          <reporter-output>
          </reporter-output>
        </test-method> <!-- testSearchWithButton -->
        <test-method status="PASS" signature="end()[pri:0, instance:home.SearchTest@2b98378d]" name="end" is-config="true" duration-ms="162" started-at="2018-10-11T22:05:54Z" finished-at="2018-10-11T22:05:54Z">
          <reporter-output>
          </reporter-output>
        </test-method> <!-- end -->
        <test-method status="PASS" signature="setup()[pri:0, instance:home.SearchTest@2b98378d]" name="setup" is-config="true" duration-ms="4498" started-at="2018-10-11T22:05:54Z" finished-at="2018-10-11T22:05:59Z">
          <reporter-output>
          </reporter-output>
        </test-method> <!-- setup -->
        <test-method status="PASS" signature="init()[pri:0, instance:home.SearchTest@2b98378d]" name="init" is-config="true" duration-ms="1" started-at="2018-10-11T22:05:59Z" finished-at="2018-10-11T22:05:59Z">
          <reporter-output>
          </reporter-output>
        </test-method> <!-- init -->
        <test-method status="PASS" signature="testSearchWithoutButton()[pri:0, instance:home.SearchTest@2b98378d]" name="testSearchWithoutButton" duration-ms="1964" started-at="2018-10-11T22:05:59Z" finished-at="2018-10-11T22:06:01Z">
          <reporter-output>
          </reporter-output>
        </test-method> <!-- testSearchWithoutButton -->
        <test-method status="PASS" signature="end()[pri:0, instance:home.SearchTest@2b98378d]" name="end" is-config="true" duration-ms="162" started-at="2018-10-11T22:06:01Z" finished-at="2018-10-11T22:06:01Z">
          <reporter-output>
          </reporter-output>
        </test-method> <!-- end -->
      </class> <!-- home.SearchTest -->
    </test> <!-- Surefire test -->
  </suite> <!-- Surefire suite -->
</testng-results>
