<?xml version="1.0" encoding="UTF-8"?>
<testng-results ignored="0" total="2" passed="2" failed="0" skipped="0">
  <reporter-output>
  </reporter-output>
  <suite started-at="2018-10-03T06:50:39Z" name="Surefire suite" finished-at="2018-10-03T06:50:56Z" duration-ms="17340">
    <groups>
    </groups>
    <test started-at="2018-10-03T06:50:39Z" name="Surefire test" finished-at="2018-10-03T06:50:56Z" duration-ms="17340">
      <class name="home.SearchTest">
        <test-method is-config="true" signature="setup()[pri:0, instance:home.SearchTest@36902638]" started-at="2018-10-03T06:50:39Z" name="setup" finished-at="2018-10-03T06:50:45Z" duration-ms="6151" status="PASS">
          <reporter-output>
          </reporter-output>
        </test-method> <!-- setup -->
        <test-method is-config="true" signature="init()[pri:0, instance:home.SearchTest@36902638]" started-at="2018-10-03T06:50:45Z" name="init" finished-at="2018-10-03T06:50:45Z" duration-ms="19" status="PASS">
          <reporter-output>
          </reporter-output>
        </test-method> <!-- init -->
        <test-method signature="testSearchWithButton()[pri:0, instance:home.SearchTest@36902638]" started-at="2018-10-03T06:50:45Z" name="testSearchWithButton" finished-at="2018-10-03T06:50:47Z" duration-ms="2045" status="PASS">
          <reporter-output>
          </reporter-output>
        </test-method> <!-- testSearchWithButton -->
        <test-method is-config="true" signature="end()[pri:0, instance:home.SearchTest@36902638]" started-at="2018-10-03T06:50:47Z" name="end" finished-at="2018-10-03T06:50:47Z" duration-ms="159" status="PASS">
          <reporter-output>
          </reporter-output>
        </test-method> <!-- end -->
        <test-method is-config="true" signature="setup()[pri:0, instance:home.SearchTest@36902638]" started-at="2018-10-03T06:50:47Z" name="setup" finished-at="2018-10-03T06:50:54Z" duration-ms="6596" status="PASS">
          <reporter-output>
          </reporter-output>
        </test-method> <!-- setup -->
        <test-method is-config="true" signature="init()[pri:0, instance:home.SearchTest@36902638]" started-at="2018-10-03T06:50:54Z" name="init" finished-at="2018-10-03T06:50:54Z" duration-ms="0" status="PASS">
          <reporter-output>
          </reporter-output>
        </test-method> <!-- init -->
        <test-method signature="testSearchWithoutButton()[pri:0, instance:home.SearchTest@36902638]" started-at="2018-10-03T06:50:54Z" name="testSearchWithoutButton" finished-at="2018-10-03T06:50:56Z" duration-ms="2191" status="PASS">
          <reporter-output>
          </reporter-output>
        </test-method> <!-- testSearchWithoutButton -->
        <test-method is-config="true" signature="end()[pri:0, instance:home.SearchTest@36902638]" started-at="2018-10-03T06:50:56Z" name="end" finished-at="2018-10-03T06:50:56Z" duration-ms="161" status="PASS">
          <reporter-output>
          </reporter-output>
        </test-method> <!-- end -->
      </class> <!-- home.SearchTest -->
    </test> <!-- Surefire test -->
  </suite> <!-- Surefire suite -->
</testng-results>
